# JRE version: Java(TM) SE Runtime Environment (21.0.10+8) (build 21.0.10+8-LTS-217)
# Java VM: Java HotSpot(TM) 64-Bit Server VM (21.0.10+8-LTS-217, mixed mode, sharing, tiered, compressed oops, compressed class ptrs, g1 gc, windows-amd64)
GC Precious Log:
 CardTable entry size: 512
 Card Set container configuration: InlinePtr #cards 5 size 8 Array Of Cards #cards 12 size 40 Howl #buckets 4 coarsen threshold 1843 Howl Bitmap #cards 512 size 80 coarsen threshold 460 Card regions per heap region 1 cards per card region 2048
 CPUs: 12 total, 12 available
 Memory: 7860M
 Large Page Support: Disabled
 NUMA Support: Disabled
 Compressed Oops: Enabled (32-bit)
 Heap Region Size: 1M
 Heap Min Capacity: 8M
 Heap Initial Capacity: 124M
 Heap Max Capacity: 1966M
 Pre-touch: Disabled
 Parallel Workers: 10
 Concurrent Workers: 3
 Concurrent Refinement Workers: 10
 Periodic GC: Disabled
Heap:
 garbage-first heap   total 154624K, used 80367K [0x0000000085200000, 0x0000000100000000)
  region size 1024K, 9 young (9216K), 9 survivors (9216K)
 Metaspace       used 39127K, committed 39744K, reserved 1114112K
  class space    used 4439K, committed 4736K, reserved 1048576K
GC Heap History (20 events):
Event: 0.630 GC heap after
{Heap after GC invocations=1 (full 0):
 garbage-first heap   total 126976K, used 3776K [0x0000000085200000, 0x0000000100000000)
  region size 1024K, 3 young (3072K), 3 survivors (3072K)
 Metaspace       used 5645K, committed 5888K, reserved 1114112K
  class space    used 649K, committed 768K, reserved 1048576K
}
Event: 1.065 GC heap before
{Heap before GC invocations=1 (full 0):
 garbage-first heap   total 126976K, used 35520K [0x0000000085200000, 0x0000000100000000)
  region size 1024K, 34 young (34816K), 3 survivors (3072K)
 Metaspace       used 9680K, committed 9856K, reserved 1114112K
  class space    used 1135K, committed 1216K, reserved 1048576K
}
Event: 1.070 GC heap after
{Heap after GC invocations=2 (full 0):
 garbage-first heap   total 126976K, used 5639K [0x0000000085200000, 0x0000000100000000)
  region size 1024K, 2 young (2048K), 2 survivors (2048K)
 Metaspace       used 9680K, committed 9856K, reserved 1114112K
  class space    used 1135K, committed 1216K, reserved 1048576K
}
Event: 2.226 GC heap before
{Heap before GC invocations=2 (full 0):
 garbage-first heap   total 126976K, used 79367K [0x0000000085200000, 0x0000000100000000)
  region size 1024K, 74 young (75776K), 2 survivors (2048K)
 Metaspace       used 15717K, committed 15936K, reserved 1114112K
  class space    used 1827K, committed 1920K, reserved 1048576K
}
Event: 2.240 GC heap after
{Heap after GC invocations=3 (full 0):
 garbage-first heap   total 126976K, used 14336K [0x0000000085200000, 0x0000000100000000)
  region size 1024K, 10 young (10240K), 10 survivors (10240K)
 Metaspace       used 15717K, committed 15936K, reserved 1114112K
  class space    used 1827K, committed 1920K, reserved 1048576K
}
Event: 2.900 GC heap before
{Heap before GC invocations=3 (full 0):
 garbage-first heap   total 126976K, used 79872K [0x0000000085200000, 0x0000000100000000)
  region size 1024K, 74 young (75776K), 10 survivors (10240K)
 Metaspace       used 16282K, committed 16512K, reserved 1114112K
  class space    used 1834K, committed 1920K, reserved 1048576K
}
Event: 2.910 GC heap after
{Heap after GC invocations=4 (full 0):
 garbage-first heap   total 126976K, used 17408K [0x0000000085200000, 0x0000000100000000)
  region size 1024K, 3 young (3072K), 3 survivors (3072K)
 Metaspace       used 16282K, committed 16512K, reserved 1114112K
  class space    used 1834K, committed 1920K, reserved 1048576K
}
Event: 3.658 GC heap before
{Heap before GC invocations=4 (full 0):
 garbage-first heap   total 126976K, used 90112K [0x0000000085200000, 0x0000000100000000)
  region size 1024K, 74 young (75776K), 3 survivors (3072K)
 Metaspace       used 16758K, committed 16960K, reserved 1114112K
  class space    used 1848K, committed 1920K, reserved 1048576K
}
Event: 3.662 GC heap after
{Heap after GC invocations=5 (full 0):
 garbage-first heap   total 152576K, used 20826K [0x0000000085200000, 0x0000000100000000)
  region size 1024K, 6 young (6144K), 6 survivors (6144K)
 Metaspace       used 16758K, committed 16960K, reserved 1114112K
  class space    used 1848K, committed 1920K, reserved 1048576K
}
Event: 4.777 GC heap before
{Heap before GC invocations=5 (full 0):
 garbage-first heap   total 152576K, used 88410K [0x0000000085200000, 0x0000000100000000)
  region size 1024K, 64 young (65536K), 6 survivors (6144K)
 Metaspace       used 21109K, committed 21504K, reserved 1114112K
  class space    used 2335K, committed 2560K, reserved 1048576K
}
Event: 4.785 GC heap after
{Heap after GC invocations=6 (full 0):
 garbage-first heap   total 152576K, used 33280K [0x0000000085200000, 0x0000000100000000)
  region size 1024K, 12 young (12288K), 12 survivors (12288K)
 Metaspace       used 21109K, committed 21504K, reserved 1114112K
  class space    used 2335K, committed 2560K, reserved 1048576K
}
Event: 5.666 GC heap before
{Heap before GC invocations=7 (full 0):
 garbage-first heap   total 116736K, used 114176K [0x0000000085200000, 0x0000000100000000)
  region size 1024K, 89 young (91136K), 12 survivors (12288K)
 Metaspace       used 27192K, committed 27584K, reserved 1114112K
  class space    used 3023K, committed 3200K, reserved 1048576K
}
Event: 5.692 GC heap after
{Heap after GC invocations=8 (full 0):
 garbage-first heap   total 147456K, used 52612K [0x0000000085200000, 0x0000000100000000)
  region size 1024K, 12 young (12288K), 12 survivors (12288K)
 Metaspace       used 27192K, committed 27584K, reserved 1114112K
  class space    used 3023K, committed 3200K, reserved 1048576K
}
Event: 6.409 GC heap before
{Heap before GC invocations=8 (full 0):
 garbage-first heap   total 147456K, used 116100K [0x0000000085200000, 0x0000000100000000)
  region size 1024K, 75 young (76800K), 12 survivors (12288K)
 Metaspace       used 29988K, committed 30528K, reserved 1114112K
  class space    used 3325K, committed 3584K, reserved 1048576K
}
Event: 6.422 GC heap after
{Heap after GC invocations=9 (full 0):
 garbage-first heap   total 147456K, used 58880K [0x0000000085200000, 0x0000000100000000)
  region size 1024K, 6 young (6144K), 6 survivors (6144K)
 Metaspace       used 29988K, committed 30528K, reserved 1114112K
  class space    used 3325K, committed 3584K, reserved 1048576K
}
Event: 7.142 GC heap before
{Heap before GC invocations=9 (full 0):
 garbage-first heap   total 147456K, used 109056K [0x0000000085200000, 0x0000000100000000)
  region size 1024K, 56 young (57344K), 6 survivors (6144K)
 Metaspace       used 35605K, committed 36096K, reserved 1114112K
  class space    used 4086K, committed 4352K, reserved 1048576K
}
Event: 7.150 GC heap after
{Heap after GC invocations=10 (full 0):
 garbage-first heap   total 147456K, used 63945K [0x0000000085200000, 0x0000000100000000)
  region size 1024K, 5 young (5120K), 5 survivors (5120K)
 Metaspace       used 35605K, committed 36096K, reserved 1114112K
  class space    used 4086K, committed 4352K, reserved 1048576K
}
Event: 7.572 GC heap before
{Heap before GC invocations=11 (full 0):
 garbage-first heap   total 147456K, used 123337K [0x0000000085200000, 0x0000000100000000)
  region size 1024K, 64 young (65536K), 5 survivors (5120K)
 Metaspace       used 37831K, committed 38400K, reserved 1114112K
  class space    used 4289K, committed 4608K, reserved 1048576K
}
Event: 7.578 GC heap after
{Heap after GC invocations=12 (full 0):
 garbage-first heap   total 147456K, used 66366K [0x0000000085200000, 0x0000000100000000)
  region size 1024K, 7 young (7168K), 7 survivors (7168K)
 Metaspace       used 37831K, committed 38400K, reserved 1114112K
  class space    used 4289K, committed 4608K, reserved 1048576K
}
Event: 8.641 GC heap before
{Heap before GC invocations=12 (full 0):
 garbage-first heap   total 147456K, used 135998K [0x0000000085200000, 0x0000000100000000)
  region size 1024K, 67 young (68608K), 7 survivors (7168K)
 Metaspace       used 39127K, committed 39744K, reserved 1114112K
  class space    used 4439K, committed 4736K, reserved 1048576K
}

