# JRE version: Java(TM) SE Runtime Environment (21.0.10+8) (build 21.0.10+8-LTS-217)
# Java VM: Java HotSpot(TM) 64-Bit Server VM (21.0.10+8-LTS-217, mixed mode, sharing, tiered, compressed oops, compressed class ptrs, g1 gc, windows-amd64)
GC Precious Log:
 CardTable entry size: 512
 Card Set container configuration: InlinePtr #cards 5 size 8 Array Of Cards #cards 12 size 40 Howl #buckets 4 coarsen threshold 1843 Howl Bitmap #cards 512 size 80 coarsen threshold 460 Card regions per heap region 1 cards per card region 2048
 CPUs: 12 total, 12 available
 Memory: 7860M
 Large Page Support: Disabled
 NUMA Support: Disabled
 Compressed Oops: Enabled (32-bit)
 Heap Region Size: 1M
 Heap Min Capacity: 8M
 Heap Initial Capacity: 124M
 Heap Max Capacity: 1966M
 Pre-touch: Disabled
 Parallel Workers: 10
 Concurrent Workers: 3
 Concurrent Refinement Workers: 10
 Periodic GC: Disabled
Heap:
 garbage-first heap   total 207872K, used 128354K [0x0000000085200000, 0x0000000100000000)
  region size 1024K, 71 young (72704K), 12 survivors (12288K)
 Metaspace       used 64686K, committed 65536K, reserved 1114112K
  class space    used 7457K, committed 7808K, reserved 1048576K
GC Heap History (20 events):
Event: 7.484 GC heap before
{Heap before GC invocations=13 (full 0):
 garbage-first heap   total 140288K, used 116633K [0x0000000085200000, 0x0000000100000000)
  region size 1024K, 48 young (49152K), 3 survivors (3072K)
 Metaspace       used 37161K, committed 37696K, reserved 1114112K
  class space    used 4209K, committed 4480K, reserved 1048576K
}
Event: 7.492 GC heap after
{Heap after GC invocations=14 (full 0):
 garbage-first heap   total 140288K, used 74049K [0x0000000085200000, 0x0000000100000000)
  region size 1024K, 6 young (6144K), 6 survivors (6144K)
 Metaspace       used 37161K, committed 37696K, reserved 1114112K
  class space    used 4209K, committed 4480K, reserved 1048576K
}
Event: 7.670 GC heap before
{Heap before GC invocations=14 (full 0):
 garbage-first heap   total 140288K, used 119105K [0x0000000085200000, 0x0000000100000000)
  region size 1024K, 50 young (51200K), 6 survivors (6144K)
 Metaspace       used 37397K, committed 37952K, reserved 1114112K
  class space    used 4209K, committed 4480K, reserved 1048576K
}
Event: 7.676 GC heap after
{Heap after GC invocations=15 (full 0):
 garbage-first heap   total 168960K, used 74418K [0x0000000085200000, 0x0000000100000000)
  region size 1024K, 2 young (2048K), 2 survivors (2048K)
 Metaspace       used 37397K, committed 37952K, reserved 1114112K
  class space    used 4209K, committed 4480K, reserved 1048576K
}
Event: 8.443 GC heap before
{Heap before GC invocations=15 (full 0):
 garbage-first heap   total 168960K, used 142002K [0x0000000085200000, 0x0000000100000000)
  region size 1024K, 68 young (69632K), 2 survivors (2048K)
 Metaspace       used 39440K, committed 40000K, reserved 1114112K
  class space    used 4469K, committed 4736K, reserved 1048576K
}
Event: 8.449 GC heap after
{Heap after GC invocations=16 (full 0):
 garbage-first heap   total 168960K, used 78100K [0x0000000085200000, 0x0000000100000000)
  region size 1024K, 6 young (6144K), 6 survivors (6144K)
 Metaspace       used 39440K, committed 40000K, reserved 1114112K
  class space    used 4469K, committed 4736K, reserved 1048576K
}
Event: 8.694 GC heap before
{Heap before GC invocations=16 (full 0):
 garbage-first heap   total 168960K, used 98580K [0x0000000085200000, 0x0000000100000000)
  region size 1024K, 24 young (24576K), 6 survivors (6144K)
 Metaspace       used 39445K, committed 40000K, reserved 1114112K
  class space    used 4469K, committed 4736K, reserved 1048576K
}
Event: 8.699 GC heap after
{Heap after GC invocations=17 (full 0):
 garbage-first heap   total 168960K, used 79115K [0x0000000085200000, 0x0000000100000000)
  region size 1024K, 1 young (1024K), 1 survivors (1024K)
 Metaspace       used 39445K, committed 40000K, reserved 1114112K
  class space    used 4469K, committed 4736K, reserved 1048576K
}
Event: 9.196 GC heap before
{Heap before GC invocations=18 (full 0):
 garbage-first heap   total 168960K, used 147723K [0x0000000085200000, 0x0000000100000000)
  region size 1024K, 68 young (69632K), 1 survivors (1024K)
 Metaspace       used 39494K, committed 40064K, reserved 1114112K
  class space    used 4470K, committed 4736K, reserved 1048576K
}
Event: 9.205 GC heap after
{Heap after GC invocations=19 (full 0):
 garbage-first heap   total 173056K, used 102912K [0x0000000085200000, 0x0000000100000000)
  region size 1024K, 9 young (9216K), 9 survivors (9216K)
 Metaspace       used 39494K, committed 40064K, reserved 1114112K
  class space    used 4470K, committed 4736K, reserved 1048576K
}
Event: 9.558 GC heap before
{Heap before GC invocations=19 (full 0):
 garbage-first heap   total 173056K, used 148992K [0x0000000085200000, 0x0000000100000000)
  region size 1024K, 54 young (55296K), 9 survivors (9216K)
 Metaspace       used 40735K, committed 41344K, reserved 1114112K
  class space    used 4612K, committed 4928K, reserved 1048576K
}
Event: 9.565 GC heap after
{Heap after GC invocations=20 (full 0):
 garbage-first heap   total 173056K, used 97792K [0x0000000085200000, 0x0000000100000000)
  region size 1024K, 7 young (7168K), 7 survivors (7168K)
 Metaspace       used 40735K, committed 41344K, reserved 1114112K
  class space    used 4612K, committed 4928K, reserved 1048576K
}
Event: 10.054 GC heap before
{Heap before GC invocations=20 (full 0):
 garbage-first heap   total 173056K, used 147968K [0x0000000085200000, 0x0000000100000000)
  region size 1024K, 56 young (57344K), 7 survivors (7168K)
 Metaspace       used 43147K, committed 43840K, reserved 1114112K
  class space    used 4932K, committed 5248K, reserved 1048576K
}
Event: 10.058 GC heap after
{Heap after GC invocations=21 (full 0):
 garbage-first heap   total 173056K, used 99426K [0x0000000085200000, 0x0000000100000000)
  region size 1024K, 4 young (4096K), 4 survivors (4096K)
 Metaspace       used 43147K, committed 43840K, reserved 1114112K
  class space    used 4932K, committed 5248K, reserved 1048576K
}
Event: 10.535 GC heap before
{Heap before GC invocations=22 (full 0):
 garbage-first heap   total 173056K, used 164962K [0x0000000085200000, 0x0000000100000000)
  region size 1024K, 54 young (55296K), 4 survivors (4096K)
 Metaspace       used 44778K, committed 45568K, reserved 1114112K
  class space    used 5116K, committed 5504K, reserved 1048576K
}
Event: 10.537 GC heap after
{Heap after GC invocations=23 (full 0):
 garbage-first heap   total 207872K, used 95273K [0x0000000085200000, 0x0000000100000000)
  region size 1024K, 6 young (6144K), 6 survivors (6144K)
 Metaspace       used 44778K, committed 45568K, reserved 1114112K
  class space    used 5116K, committed 5504K, reserved 1048576K
}
Event: 11.829 GC heap before
{Heap before GC invocations=23 (full 0):
 garbage-first heap   total 207872K, used 175145K [0x0000000085200000, 0x0000000100000000)
  region size 1024K, 81 young (82944K), 6 survivors (6144K)
 Metaspace       used 46074K, committed 46848K, reserved 1114112K
  class space    used 5269K, committed 5632K, reserved 1048576K
}
Event: 11.834 GC heap after
{Heap after GC invocations=24 (full 0):
 garbage-first heap   total 207872K, used 73569K [0x0000000085200000, 0x0000000100000000)
  region size 1024K, 7 young (7168K), 7 survivors (7168K)
 Metaspace       used 46074K, committed 46848K, reserved 1114112K
  class space    used 5269K, committed 5632K, reserved 1048576K
}
Event: 12.993 GC heap before
{Heap before GC invocations=24 (full 0):
 garbage-first heap   total 207872K, used 178017K [0x0000000085200000, 0x0000000100000000)
  region size 1024K, 109 young (111616K), 7 survivors (7168K)
 Metaspace       used 56509K, committed 57280K, reserved 1114112K
  class space    used 6502K, committed 6848K, reserved 1048576K
}
Event: 13.000 GC heap after
{Heap after GC invocations=25 (full 0):
 garbage-first heap   total 207872K, used 69986K [0x0000000085200000, 0x0000000100000000)
  region size 1024K, 12 young (12288K), 12 survivors (12288K)
 Metaspace       used 56509K, committed 57280K, reserved 1114112K
  class space    used 6502K, committed 6848K, reserved 1048576K
}

