# JRE version: Java(TM) SE Runtime Environment (21.0.10+8) (build 21.0.10+8-LTS-217)
# Java VM: Java HotSpot(TM) 64-Bit Server VM (21.0.10+8-LTS-217, mixed mode, sharing, tiered, compressed oops, compressed class ptrs, g1 gc, windows-amd64)
GC Precious Log:
 CardTable entry size: 512
 Card Set container configuration: InlinePtr #cards 5 size 8 Array Of Cards #cards 12 size 40 Howl #buckets 4 coarsen threshold 1843 Howl Bitmap #cards 512 size 80 coarsen threshold 460 Card regions per heap region 1 cards per card region 2048
 CPUs: 12 total, 12 available
 Memory: 7860M
 Large Page Support: Disabled
 NUMA Support: Disabled
 Compressed Oops: Enabled (32-bit)
 Heap Region Size: 1M
 Heap Min Capacity: 8M
 Heap Initial Capacity: 124M
 Heap Max Capacity: 1966M
 Pre-touch: Disabled
 Parallel Workers: 10
 Concurrent Workers: 3
 Concurrent Refinement Workers: 10
 Periodic GC: Disabled
Heap:
 garbage-first heap   total 126976K, used 83317K [0x0000000085200000, 0x0000000100000000)
  region size 1024K, 69 young (70656K), 4 survivors (4096K)
 Metaspace       used 18741K, committed 19072K, reserved 1114112K
  class space    used 2066K, committed 2240K, reserved 1048576K
GC Heap History (8 events):
Event: 1.467 GC heap before
{Heap before GC invocations=0 (full 0):
 garbage-first heap   total 126976K, used 22528K [0x0000000085200000, 0x0000000100000000)
  region size 1024K, 23 young (23552K), 0 survivors (0K)
 Metaspace       used 5658K, committed 5888K, reserved 1114112K
  class space    used 649K, committed 768K, reserved 1048576K
}
Event: 1.478 GC heap after
{Heap after GC invocations=1 (full 0):
 garbage-first heap   total 126976K, used 3720K [0x0000000085200000, 0x0000000100000000)
  region size 1024K, 3 young (3072K), 3 survivors (3072K)
 Metaspace       used 5658K, committed 5888K, reserved 1114112K
  class space    used 649K, committed 768K, reserved 1048576K
}
Event: 3.506 GC heap before
{Heap before GC invocations=1 (full 0):
 garbage-first heap   total 126976K, used 34440K [0x0000000085200000, 0x0000000100000000)
  region size 1024K, 33 young (33792K), 3 survivors (3072K)
 Metaspace       used 9496K, committed 9664K, reserved 1114112K
  class space    used 1111K, committed 1216K, reserved 1048576K
}
Event: 3.518 GC heap after
{Heap after GC invocations=2 (full 0):
 garbage-first heap   total 126976K, used 5286K [0x0000000085200000, 0x0000000100000000)
  region size 1024K, 2 young (2048K), 2 survivors (2048K)
 Metaspace       used 9496K, committed 9664K, reserved 1114112K
  class space    used 1111K, committed 1216K, reserved 1048576K
}
Event: 7.142 GC heap before
{Heap before GC invocations=2 (full 0):
 garbage-first heap   total 126976K, used 79014K [0x0000000085200000, 0x0000000100000000)
  region size 1024K, 74 young (75776K), 2 survivors (2048K)
 Metaspace       used 15759K, committed 16000K, reserved 1114112K
  class space    used 1827K, committed 1920K, reserved 1048576K
}
Event: 7.153 GC heap after
{Heap after GC invocations=3 (full 0):
 garbage-first heap   total 126976K, used 14117K [0x0000000085200000, 0x0000000100000000)
  region size 1024K, 10 young (10240K), 10 survivors (10240K)
 Metaspace       used 15759K, committed 16000K, reserved 1114112K
  class space    used 1827K, committed 1920K, reserved 1048576K
}
Event: 8.153 GC heap before
{Heap before GC invocations=3 (full 0):
 garbage-first heap   total 126976K, used 79653K [0x0000000085200000, 0x0000000100000000)
  region size 1024K, 74 young (75776K), 10 survivors (10240K)
 Metaspace       used 16292K, committed 16512K, reserved 1114112K
  class space    used 1835K, committed 1920K, reserved 1048576K
}
Event: 8.173 GC heap after
{Heap after GC invocations=4 (full 0):
 garbage-first heap   total 126976K, used 17781K [0x0000000085200000, 0x0000000100000000)
  region size 1024K, 4 young (4096K), 4 survivors (4096K)
 Metaspace       used 16292K, committed 16512K, reserved 1114112K
  class space    used 1835K, committed 1920K, reserved 1048576K
}

